<?xml version="1.0" encoding="UTF-8"?>
<!-- Generated by org.testng.reporters.JUnitXMLReporter -->
<testsuite ignored="0" hostname="LAPTOP-K2V0T4MV" failures="1" tests="1" name="A" time="0.043" errors="0" timestamp="2020-05-25T23:42:13 IST">
  <testcase classname="com.POMFramework.A" name="testlogins" time="0.007">
    <failure type="java.lang.AssertionError" message="expected [true] but found [false]">
      <![CDATA[java.lang.AssertionError: expected [true] but found [false]
at com.POMFramework.A.testlogins(A.java:17)
at java.base/java.util.ArrayList.forEach(ArrayList.java:1510)
... Removed 31 stack frames]]>
    </failure>
  </testcase> <!-- testlogins -->
</testsuite> <!-- A -->
