<?xml version="1.0" encoding="UTF-8"?>
<!-- Generated by org.testng.reporters.JUnitXMLReporter -->
<testsuite ignored="6" hostname="LAPTOP-K2V0T4MV" failures="4" tests="4" name="fisrttest" time="4.993" errors="0" timestamp="2020-05-25T23:19:21 IST">
  <testcase classname="com.POMFramework.vaishTech.uiSoft.testBase.TestBase" name="@AfterMethod afterMethod" time="0.001">
    <failure type="java.lang.NullPointerException">
      <![CDATA[java.lang.NullPointerException
at com.POMFramework.vaishTech.uiSoft.testBase.TestBase.captureScreen(TestBase.java:159)
at com.POMFramework.vaishTech.uiSoft.testBase.TestBase.afterMethod(TestBase.java:81)
at java.base/java.util.ArrayList.forEach(ArrayList.java:1510)
... Removed 32 stack frames]]>
    </failure>
  </testcase> <!-- @AfterMethod afterMethod -->
  <testcase classname="com.POMFramework.vaishTech.uiSoft.testBase.TestBase" name="@AfterMethod afterMethod" time="0.001">
    <failure type="java.lang.NullPointerException">
      <![CDATA[java.lang.NullPointerException
at com.POMFramework.vaishTech.uiSoft.testBase.TestBase.captureScreen(TestBase.java:159)
at com.POMFramework.vaishTech.uiSoft.testBase.TestBase.afterMethod(TestBase.java:81)
at java.base/java.util.ArrayList.forEach(ArrayList.java:1510)
... Removed 32 stack frames]]>
    </failure>
  </testcase> <!-- @AfterMethod afterMethod -->
  <testcase classname="com.POMFramework.vaishTech.uiSoft.testBase.TestBase" name="@AfterMethod afterMethod" time="0.002">
    <failure type="java.lang.NullPointerException">
      <![CDATA[java.lang.NullPointerException
at com.POMFramework.vaishTech.uiSoft.testBase.TestBase.captureScreen(TestBase.java:159)
at com.POMFramework.vaishTech.uiSoft.testBase.TestBase.afterMethod(TestBase.java:81)
at java.base/java.util.ArrayList.forEach(ArrayList.java:1510)
... Removed 32 stack frames]]>
    </failure>
  </testcase> <!-- @AfterMethod afterMethod -->
  <testcase classname="com.POMFramework.A" name="testlogins" time="0.015">
    <failure type="java.lang.AssertionError" message="expected [true] but found [false]">
      <![CDATA[java.lang.AssertionError: expected [true] but found [false]
at com.POMFramework.A.testlogins(A.java:19)
at java.base/java.util.ArrayList.forEach(ArrayList.java:1510)
... Removed 31 stack frames]]>
    </failure>
  </testcase> <!-- testlogins -->
  <testcase classname="com.POMFramework.B" name="testlogins" time="0.003">
    <failure type="java.lang.AssertionError" message="expected [true] but found [false]">
      <![CDATA[java.lang.AssertionError: expected [true] but found [false]
at com.POMFramework.B.testlogins(B.java:15)
at java.base/java.util.ArrayList.forEach(ArrayList.java:1510)
... Removed 31 stack frames]]>
    </failure>
  </testcase> <!-- testlogins -->
  <testcase classname="com.POMFramework.C" name="testlogins" time="0.002">
    <failure type="java.lang.AssertionError" message="expected [true] but found [false]">
      <![CDATA[java.lang.AssertionError: expected [true] but found [false]
at com.POMFramework.C.testlogins(C.java:13)
at java.base/java.util.ArrayList.forEach(ArrayList.java:1510)
... Removed 31 stack frames]]>
    </failure>
  </testcase> <!-- testlogins -->
  <testcase classname="com.POMFramework.vaishTech.uiSoft.testScripts.Test1" name="login" time="0.005">
    <failure type="java.lang.NullPointerException">
      <![CDATA[java.lang.NullPointerException
at com.POMFramework.vaishTech.uiSoft.testScripts.Test1.login(Test1.java:13)
at java.base/java.util.ArrayList.forEach(ArrayList.java:1510)
... Removed 27 stack frames]]>
    </failure>
  </testcase> <!-- login -->
  <testcase classname="com.POMFramework.vaishTech.uiSoft.testBase.TestBase" name="@BeforeTest BeforeTest" time="0.0">
    <ignored/>
  </testcase> <!-- @BeforeTest BeforeTest -->
  <testcase classname="com.POMFramework.vaishTech.uiSoft.testBase.TestBase" name="@BeforeTest BeforeTest" time="0.0">
    <ignored/>
  </testcase> <!-- @BeforeTest BeforeTest -->
  <testcase classname="com.POMFramework.vaishTech.uiSoft.testBase.TestBase" name="@BeforeTest BeforeTest" time="0.0">
    <ignored/>
  </testcase> <!-- @BeforeTest BeforeTest -->
  <testcase classname="com.POMFramework.vaishTech.uiSoft.testBase.TestBase" name="@BeforeSuite beforeSuite" time="0.0">
    <ignored/>
  </testcase> <!-- @BeforeSuite beforeSuite -->
  <testcase classname="com.POMFramework.vaishTech.uiSoft.testBase.TestBase" name="@BeforeSuite beforeSuite" time="0.0">
    <ignored/>
  </testcase> <!-- @BeforeSuite beforeSuite -->
  <testcase classname="com.POMFramework.vaishTech.uiSoft.testBase.TestBase" name="@BeforeSuite beforeSuite" time="0.0">
    <ignored/>
  </testcase> <!-- @BeforeSuite beforeSuite -->
</testsuite> <!-- fisrttest -->
