<?xml version="1.0" encoding="UTF-8"?>
<!-- Generated by org.testng.reporters.JUnitXMLReporter -->
<testsuite ignored="0" hostname="LAPTOP-K2V0T4MV" failures="1" tests="1" name="Test2" time="6.07" errors="0" timestamp="2020-05-26T00:17:45 IST">
  <testcase classname="com.POMFramework.vaishTech.uiSoft.testScripts.TEst2" name="login1" time="1.663">
    <failure type="java.lang.AssertionError" message="expected [false] but found [true]">
      <![CDATA[java.lang.AssertionError: expected [false] but found [true]
at com.POMFramework.vaishTech.uiSoft.helper.assertions.AssertionHelper.markFalse(AssertionHelper.java:35)
at com.POMFramework.vaishTech.uiSoft.testScripts.TEst2.login1(TEst2.java:15)
at java.base/java.util.ArrayList.forEach(ArrayList.java:1510)
... Removed 31 stack frames]]>
    </failure>
  </testcase> <!-- login1 -->
</testsuite> <!-- Test2 -->
