<?xml version="1.0" encoding="UTF-8"?>
<!-- Generated by org.testng.reporters.JUnitXMLReporter -->
<testsuite ignored="0" hostname="LAPTOP-K2V0T4MV" failures="0" tests="4" name="testScript" time="4.933" errors="0" timestamp="2020-05-25T23:42:56 IST">
  <testcase classname="com.POMFramework.vaishTech.uiSoft.testBase.TestBase" name="@AfterMethod afterMethod" time="0.058">
    <failure type="java.lang.NullPointerException">
      <![CDATA[java.lang.NullPointerException
at com.POMFramework.vaishTech.uiSoft.testBase.TestBase.captureScreen(TestBase.java:160)
at com.POMFramework.vaishTech.uiSoft.testBase.TestBase.afterMethod(TestBase.java:94)
at java.base/java.util.ArrayList.forEach(ArrayList.java:1510)
... Removed 32 stack frames]]>
    </failure>
  </testcase> <!-- @AfterMethod afterMethod -->
  <testcase classname="com.POMFramework.vaishTech.uiSoft.testBase.TestBase" name="@BeforeMethod beforeMethod" time="-1.590430376227E9">
    <skipped/>
  </testcase> <!-- @BeforeMethod beforeMethod -->
  <testcase classname="com.POMFramework.vaishTech.uiSoft.testBase.TestBase" name="@AfterMethod afterMethod" time="-1.590430376236E9">
    <skipped/>
  </testcase> <!-- @AfterMethod afterMethod -->
  <testcase classname="com.POMFramework.vaishTech.uiSoft.testBase.TestBase" name="@BeforeMethod beforeMethod" time="-1.590430376238E9">
    <skipped/>
  </testcase> <!-- @BeforeMethod beforeMethod -->
  <testcase classname="com.POMFramework.vaishTech.uiSoft.testBase.TestBase" name="@AfterMethod afterMethod" time="-1.590430376249E9">
    <skipped/>
  </testcase> <!-- @AfterMethod afterMethod -->
  <testcase classname="com.POMFramework.vaishTech.uiSoft.testBase.TestBase" name="@BeforeMethod beforeMethod" time="-1.590430376251E9">
    <skipped/>
  </testcase> <!-- @BeforeMethod beforeMethod -->
  <testcase classname="com.POMFramework.vaishTech.uiSoft.testBase.TestBase" name="@AfterMethod afterMethod" time="-1.590430376258E9">
    <skipped/>
  </testcase> <!-- @AfterMethod afterMethod -->
  <testcase classname="com.POMFramework.vaishTech.uiSoft.testScripts.Test1" name="login" time="0.816"/>
  <testcase classname="com.POMFramework.vaishTech.uiSoft.testScripts.Test1" name="login1" time="0.0">
    <skipped/>
  </testcase> <!-- login1 -->
  <testcase classname="com.POMFramework.vaishTech.uiSoft.testScripts.Test1" name="login2" time="0.0">
    <skipped/>
  </testcase> <!-- login2 -->
  <testcase classname="com.POMFramework.vaishTech.uiSoft.testScripts.Test1" name="login3" time="0.0">
    <skipped/>
  </testcase> <!-- login3 -->
</testsuite> <!-- testScript -->
